<?xml version="1.0" encoding="UTF-8"?>
<!-- Generated by org.testng.reporters.JUnitReportReporter -->
<testsuite hostname="DESKTOP-V7S3LVP" failures="0" tests="1" name="com.qa.test.Test1" time="9.980" errors="0" timestamp="2023-07-07T14:49:53 IST" skipped="0">
  <testcase classname="com.qa.test.Test1" name="titleTest" time="9.980"/>
</testsuite> <!-- com.qa.test.Test1 -->
