<?xml version="1.0" encoding="UTF-8"?>
<!-- Generated by org.testng.reporters.JUnitReportReporter -->
<testsuite hostname="DESKTOP-V7S3LVP" failures="0" tests="1" name="com.qa.test.Test2" time="15.796" errors="0" timestamp="2023-07-07T15:33:14 IST" skipped="0">
  <testcase classname="com.qa.test.Test2" name="searchTest" time="15.796"/>
</testsuite> <!-- com.qa.test.Test2 -->
